#
# There is insufficient memory for the Java Runtime Environment to continue.
# Native memory allocation (malloc) failed to allocate 2544496 bytes for Chunk::new
# Possible reasons:
#   The system is out of physical RAM or swap space
#   The process is running with CompressedOops enabled, and the Java Heap may be blocking the growth of the native heap
# Possible solutions:
#   Reduce memory load on the system
#   Increase physical memory or swap space
#   Check if swap backing store is full
#   Decrease Java heap size (-Xmx/-Xms)
#   Decrease number of Java threads
#   Decrease Java thread stack sizes (-Xss)
#   Set larger code cache with -XX:ReservedCodeCacheSize=
#   JVM is running with Unscaled Compressed Oops mode in which the Java heap is
#     placed in the first 4GB address space. The Java Heap base address is the
#     maximum limit for the native heap growth. Please use -XX:HeapBaseMinAddress
#     to set the Java Heap base and to place the Java Heap above 4GB virtual address.
# This output file may be truncated or incomplete.
#
#  Out of Memory Error (allocation.cpp:389), pid=18408, tid=0x0000000000003514
#
# JRE version: OpenJDK Runtime Environment (8.0_242-b01) (build 1.8.0_242-release-1644-b01)
# Java VM: OpenJDK 64-Bit Server VM (25.242-b01 mixed mode windows-amd64 compressed oops)
# Failed to write core dump. Minidumps are not enabled by default on client versions of Windows
#

---------------  T H R E A D  ---------------

Current thread (0x00000000179a6800):  JavaThread "C2 CompilerThread0" daemon [_thread_in_native, id=13588, stack(0x0000000018ff0000,0x00000000190f0000)]

Stack: [0x0000000018ff0000,0x00000000190f0000]
[error occurred during error reporting (printing stack bounds), id 0xc0000005]

Native frames: (J=compiled Java code, j=interpreted, Vv=VM code, C=native code)


Current CompileTask:
C2: 344558 19641 %     4       com.android.tools.r8.ir.regalloc.a::a @ 531 (952 bytes)


---------------  P R O C E S S  ---------------

Java Threads: ( => current thread )
  0x00000000214a0000 JavaThread "WorkerExecutor Queue Thread 7" [_thread_blocked, id=14664, stack(0x00000000306d0000,0x00000000307d0000)]
  0x000000001e8a8000 JavaThread "WorkerExecutor Queue Thread 6" [_thread_blocked, id=16936, stack(0x000000002f0a0000,0x000000002f1a0000)]
  0x0000000020876000 JavaThread "Cache worker for Java compile cache (C:\Users\Anderson Tan\AndroidStudioProjects\Flixster\.gradle\6.5\javaCompile)" [_thread_blocked, id=14448, stack(0x000000002ed30000,0x000000002ee30000)]
  0x0000000020875800 JavaThread "Cache worker for Java compile cache (C:\Users\Anderson Tan\.gradle\caches\6.5\javaCompile)" [_thread_blocked, id=6900, stack(0x000000002ea30000,0x000000002eb30000)]
  0x000000002086e800 JavaThread "WorkerExecutor Queue Thread 5" [_thread_in_native, id=16152, stack(0x000000002ffd0000,0x00000000300d0000)]
  0x0000000020873000 JavaThread "stdout" [_thread_in_native, id=12364, stack(0x000000002f9d0000,0x000000002fad0000)]
  0x0000000020872800 JavaThread "stderr" [_thread_in_native, id=15464, stack(0x000000002f8d0000,0x000000002f9d0000)]
  0x0000000020874000 JavaThread "stdout" [_thread_in_native, id=2424, stack(0x000000002f1a0000,0x000000002f2a0000)]
  0x0000000020871800 JavaThread "stderr" [_thread_in_native, id=2864, stack(0x000000002ee30000,0x000000002ef30000)]
  0x000000002086a000 JavaThread "stdout" [_thread_in_native, id=16244, stack(0x000000002f7d0000,0x000000002f8d0000)]
  0x0000000020871000 JavaThread "stderr" [_thread_in_native, id=13516, stack(0x000000002f6d0000,0x000000002f7d0000)]
  0x000000002086b800 JavaThread "stdout" [_thread_in_native, id=17872, stack(0x000000002f5d0000,0x000000002f6d0000)]
  0x0000000020869800 JavaThread "stderr" [_thread_in_native, id=9776, stack(0x000000002f350000,0x000000002f450000)]
  0x0000000020870000 JavaThread "pool-4-thread-1" [_thread_blocked, id=6984, stack(0x000000002f4d0000,0x000000002f5d0000)]
  0x000000002086d000 JavaThread "WorkerExecutor Queue Thread 3" [_thread_blocked, id=11164, stack(0x000000002efa0000,0x000000002f0a0000)]
  0x000000001e8a7000 JavaThread "Cache worker for execution history cache (C:\Users\Anderson Tan\AndroidStudioProjects\Flixster\.gradle\6.5\executionHistory)" [_thread_blocked, id=15732, stack(0x000000002e930000,0x000000002ea30000)]
  0x000000001e89f800 JavaThread "Execution worker for ':' Thread 3" [_thread_blocked, id=1976, stack(0x000000002e5c0000,0x000000002e6c0000)]
  0x000000001e8a3800 JavaThread "Execution worker for ':' Thread 2" [_thread_blocked, id=14584, stack(0x000000002b120000,0x000000002b220000)]
  0x000000001e8a6800 JavaThread "Execution worker for ':'" [_thread_blocked, id=12936, stack(0x000000002b020000,0x000000002b120000)]
  0x000000001e8a5000 JavaThread "Cache worker for file content cache (C:\Users\Anderson Tan\AndroidStudioProjects\Flixster\.gradle\6.5\fileContent)" [_thread_blocked, id=14660, stack(0x0000000029b50000,0x0000000029c50000)]
  0x000000001e8a5800 JavaThread "Cache worker for Build Output Cleanup Cache (C:\Users\Anderson Tan\AndroidStudioProjects\Flixster\.gradle\buildOutputCleanup)" [_thread_blocked, id=17096, stack(0x0000000029a50000,0x0000000029b50000)]
  0x00000000214a1800 JavaThread "Build operations Thread 4" [_thread_blocked, id=5768, stack(0x00000000202b0000,0x00000000203b0000)]
  0x0000000021496800 JavaThread "Build operations Thread 3" [_thread_blocked, id=15124, stack(0x00000000201b0000,0x00000000202b0000)]
  0x000000002149d000 JavaThread "Build operations Thread 2" [_thread_blocked, id=18172, stack(0x00000000200b0000,0x00000000201b0000)]
  0x000000002149c800 JavaThread "Build operations" [_thread_blocked, id=1800, stack(0x000000001ffb0000,0x00000000200b0000)]
  0x0000000021499800 JavaThread "Cache worker for cache directory md-rule (C:\Users\Anderson Tan\.gradle\caches\6.5\md-rule)" [_thread_blocked, id=15588, stack(0x000000001feb0000,0x000000001ffb0000)]
  0x0000000021497000 JavaThread "Cache worker for cache directory md-supplier (C:\Users\Anderson Tan\.gradle\caches\6.5\md-supplier)" [_thread_blocked, id=6088, stack(0x000000001d410000,0x000000001d510000)]
  0x0000000021495000 JavaThread "Cache worker for checksums cache (C:\Users\Anderson Tan\AndroidStudioProjects\Flixster\.gradle\checksums)" [_thread_blocked, id=17908, stack(0x000000001d310000,0x000000001d410000)]
  0x000000002149b000 JavaThread "Cache worker for file hash cache (C:\Users\Anderson Tan\AndroidStudioProjects\Flixster\.gradle\6.5\fileHashes)" [_thread_blocked, id=13728, stack(0x000000001d210000,0x000000001d310000)]
  0x000000002149b800 JavaThread "Thread-126" [_thread_blocked, id=9364, stack(0x000000001d110000,0x000000001d210000)]
  0x0000000021495800 JavaThread "Asynchronous log dispatcher for DefaultDaemonConnection: socket connection from /127.0.0.1:61070 to /127.0.0.1:61125" [_thread_blocked, id=6076, stack(0x000000001cf10000,0x000000001d010000)]
  0x0000000021494000 JavaThread "Daemon worker Thread 2" [_thread_blocked, id=15996, stack(0x000000001cc10000,0x000000001cd10000)]
  0x0000000021493800 JavaThread "Cancel handler" [_thread_blocked, id=4592, stack(0x00000000011f0000,0x00000000012f0000)]
  0x0000000021498000 JavaThread "Handler for socket connection from /127.0.0.1:61070 to /127.0.0.1:61125" [_thread_in_native, id=17256, stack(0x00000000010f0000,0x00000000011f0000)]
  0x000000002149a000 JavaThread "Daemon Thread 2" [_thread_blocked, id=16584, stack(0x0000000000ff0000,0x00000000010f0000)]
  0x0000000020a7b800 JavaThread "Memory manager" [_thread_blocked, id=14556, stack(0x0000000026750000,0x0000000026850000)]
  0x000000001bbb9000 JavaThread "Cache worker for file content cache (C:\Users\Anderson Tan\.gradle\caches\6.5\fileContent)" [_thread_blocked, id=3200, stack(0x00000000235b0000,0x00000000236b0000)]
  0x000000001bbb8800 JavaThread "Cache worker for execution history cache (C:\Users\Anderson Tan\.gradle\caches\6.5\executionHistory)" [_thread_blocked, id=17800, stack(0x00000000230b0000,0x00000000231b0000)]
  0x000000001b4e2000 JavaThread "Cache worker for file hash cache (C:\Users\Anderson Tan\.gradle\caches\6.5\fileHashes)" [_thread_blocked, id=16508, stack(0x000000001da10000,0x000000001db10000)]
  0x000000001b4e1800 JavaThread "File lock request listener" [_thread_in_native, id=15332, stack(0x000000001d910000,0x000000001da10000)]
  0x000000001b616000 JavaThread "Cache worker for journal cache (C:\Users\Anderson Tan\.gradle\caches\journal-1)" [_thread_blocked, id=748, stack(0x000000001d710000,0x000000001d810000)]
  0x00000000193c1000 JavaThread "Daemon periodic checks" [_thread_blocked, id=12820, stack(0x000000001cb10000,0x000000001cc10000)]
  0x000000001afb0000 JavaThread "Incoming local TCP Connector on port 61070" [_thread_in_native, id=17440, stack(0x000000001c8d0000,0x000000001c9d0000)]
  0x000000001b114000 JavaThread "Daemon health stats" [_thread_blocked, id=13204, stack(0x000000001c290000,0x000000001c390000)]
  0x0000000019328800 JavaThread "Service Thread" daemon [_thread_blocked, id=10564, stack(0x00000000196f0000,0x00000000197f0000)]
  0x00000000179bc000 JavaThread "C1 CompilerThread2" daemon [_thread_blocked, id=14684, stack(0x00000000191f0000,0x00000000192f0000)]
  0x00000000179aa800 JavaThread "C2 CompilerThread1" daemon [_thread_in_native, id=7924, stack(0x00000000190f0000,0x00000000191f0000)]
=>0x00000000179a6800 JavaThread "C2 CompilerThread0" daemon [_thread_in_native, id=13588, stack(0x0000000018ff0000,0x00000000190f0000)]
  0x00000000179a4800 JavaThread "Attach Listener" daemon [_thread_blocked, id=8124, stack(0x0000000018ef0000,0x0000000018ff0000)]
  0x00000000179a1800 JavaThread "Signal Dispatcher" daemon [_thread_blocked, id=5720, stack(0x0000000018df0000,0x0000000018ef0000)]
  0x0000000002d7b800 JavaThread "Finalizer" daemon [_thread_blocked, id=17900, stack(0x0000000018bf0000,0x0000000018cf0000)]
  0x0000000017989000 JavaThread "Reference Handler" daemon [_thread_blocked, id=17672, stack(0x0000000018af0000,0x0000000018bf0000)]
  0x0000000002c82800 JavaThread "main" [_thread_blocked, id=15384, stack(0x0000000002a90000,0x0000000002b90000)]

Other Threads:
  0x0000000017967800 VMThread [stack: 0x00000000189f0000,0x0000000018af0000] [id=12180]
  0x0000000019329000 WatcherThread [stack: 0x00000000197f0000,0x00000000198f0000] [id=12256]

VM state:not at safepoint (normal execution)

VM Mutex/Monitor currently owned by a thread: None

heap address: 0x0000000080000000, size: 2048 MB, Compressed Oops mode: 32-bit
Narrow klass base: 0x0000000000000000, Narrow klass shift: 3
Compressed class space size: 1073741824 Address: 0x0000000100000000

Heap:
 PSYoungGen      total 577024K, used 207415K [0x00000000d5580000, 0x0000000100000000, 0x0000000100000000)
  eden space 533504K, 33% used [0x00000000d5580000,0x00000000e02cca08,0x00000000f5e80000)
  from space 43520K, 68% used [0x00000000f5e80000,0x00000000f7bc15a0,0x00000000f8900000)
  to   space 45568K, 0% used [0x00000000fd380000,0x00000000fd380000,0x0000000100000000)
 ParOldGen       total 227840K, used 59188K [0x0000000080000000, 0x000000008de80000, 0x00000000d5580000)
  object space 227840K, 25% used [0x0000000080000000,0x00000000839cd048,0x000000008de80000)
 Metaspace       used 112116K, capacity 118310K, committed 118488K, reserved 1153024K
  class space    used 14672K, capacity 15853K, committed 15872K, reserved 1048576K

Card table byte_map: [0x0000000012140000,0x0000000012550000] byte_map_base: 0x0000000011d40000

Marking Bits: (ParMarkBitMap*) 0x00000000623df030
 Begin Bits: [0x0000000012c00000, 0x0000000014c00000)
 End Bits:   [0x0000000014c00000, 0x0000000016c00000)

Polling page: 0x0000000000ee0000

CodeCache: size=245760Kb used=57887Kb max_used=57901Kb free=187872Kb
 bounds [0x0000000002d80000, 0x0000000006750000, 0x0000000011d80000]
 total_blobs=17500 nmethods=16550 adapters=859
 compilation: enabled

Compilation events (10 events):
Event: 344.505 Thread 0x00000000179aa800 nmethod 19646 0x00000000061b1cd0 code [0x00000000061b2080, 0x00000000061b36c0]
Event: 344.505 Thread 0x00000000179aa800 19661       4       java.util.HashMap::putIfAbsent (13 bytes)
Event: 344.512 Thread 0x00000000179aa800 nmethod 19661 0x00000000061b0f50 code [0x00000000061b10e0, 0x00000000061b1650]
Event: 344.512 Thread 0x00000000179aa800 19663       4       com.android.tools.r8.s.b.k0::a (26 bytes)
Event: 344.515 Thread 0x00000000179aa800 nmethod 19663 0x00000000059a1e10 code [0x00000000059a1f60, 0x00000000059a20d8]
Event: 344.515 Thread 0x00000000179aa800 20096       4       com.android.tools.r8.dex.r$$Lambda$1361/646792057::apply (14 bytes)
Event: 344.517 Thread 0x00000000179aa800 nmethod 20096 0x00000000059a1810 code [0x00000000059a1980, 0x00000000059a1b88]
Event: 344.517 Thread 0x00000000179aa800 19742       4       com.android.tools.r8.s.b.W0::hashCode (46 bytes)
Event: 344.534 Thread 0x00000000179aa800 nmethod 19742 0x0000000005b80610 code [0x0000000005b80800, 0x0000000005b818a0]
Event: 344.534 Thread 0x00000000179aa800 19719       4       java.util.LinkedList$LLSpliterator::getEst (56 bytes)

GC Heap History (10 events):
Event: 282.835 GC heap before
{Heap before GC invocations=15 (full 3):
 PSYoungGen      total 424448K, used 180008K [0x00000000d5580000, 0x00000000f7200000, 0x0000000100000000)
  eden space 396800K, 38% used [0x00000000d5580000,0x00000000dea4f688,0x00000000ed900000)
  from space 27648K, 99% used [0x00000000ed900000,0x00000000ef3facb0,0x00000000ef400000)
  to   space 42496K, 0% used [0x00000000f4880000,0x00000000f4880000,0x00000000f7200000)
 ParOldGen       total 150528K, used 75240K [0x0000000080000000, 0x0000000089300000, 0x00000000d5580000)
  object space 150528K, 49% used [0x0000000080000000,0x000000008497a138,0x0000000089300000)
 Metaspace       used 93841K, capacity 98308K, committed 98380K, reserved 1134592K
  class space    used 12352K, capacity 13295K, committed 13312K, reserved 1048576K
Event: 282.863 GC heap after
Heap after GC invocations=15 (full 3):
 PSYoungGen      total 501760K, used 8388K [0x00000000d5580000, 0x00000000f6c80000, 0x0000000100000000)
  eden space 464896K, 0% used [0x00000000d5580000,0x00000000d5580000,0x00000000f1b80000)
  from space 36864K, 22% used [0x00000000f4880000,0x00000000f50b1018,0x00000000f6c80000)
  to   space 41472K, 0% used [0x00000000f1b80000,0x00000000f1b80000,0x00000000f4400000)
 ParOldGen       total 150528K, used 100094K [0x0000000080000000, 0x0000000089300000, 0x00000000d5580000)
  object space 150528K, 66% used [0x0000000080000000,0x00000000861bf828,0x0000000089300000)
 Metaspace       used 93841K, capacity 98308K, committed 98380K, reserved 1134592K
  class space    used 12352K, capacity 13295K, committed 13312K, reserved 1048576K
}
Event: 282.863 GC heap before
{Heap before GC invocations=16 (full 4):
 PSYoungGen      total 501760K, used 8388K [0x00000000d5580000, 0x00000000f6c80000, 0x0000000100000000)
  eden space 464896K, 0% used [0x00000000d5580000,0x00000000d5580000,0x00000000f1b80000)
  from space 36864K, 22% used [0x00000000f4880000,0x00000000f50b1018,0x00000000f6c80000)
  to   space 41472K, 0% used [0x00000000f1b80000,0x00000000f1b80000,0x00000000f4400000)
 ParOldGen       total 150528K, used 100094K [0x0000000080000000, 0x0000000089300000, 0x00000000d5580000)
  object space 150528K, 66% used [0x0000000080000000,0x00000000861bf828,0x0000000089300000)
 Metaspace       used 93841K, capacity 98308K, committed 98380K, reserved 1134592K
  class space    used 12352K, capacity 13295K, committed 13312K, reserved 1048576K
Event: 283.120 GC heap after
Heap after GC invocations=16 (full 4):
 PSYoungGen      total 501760K, used 0K [0x00000000d5580000, 0x00000000f6c80000, 0x0000000100000000)
  eden space 464896K, 0% used [0x00000000d5580000,0x00000000d5580000,0x00000000f1b80000)
  from space 36864K, 0% used [0x00000000f4880000,0x00000000f4880000,0x00000000f6c80000)
  to   space 41472K, 0% used [0x00000000f1b80000,0x00000000f1b80000,0x00000000f4400000)
 ParOldGen       total 227840K, used 59164K [0x0000000080000000, 0x000000008de80000, 0x00000000d5580000)
  object space 227840K, 25% used [0x0000000080000000,0x00000000839c7048,0x000000008de80000)
 Metaspace       used 93755K, capacity 98062K, committed 98380K, reserved 1134592K
  class space    used 12324K, capacity 13246K, committed 13312K, reserved 1048576K
}
Event: 312.655 GC heap before
{Heap before GC invocations=17 (full 4):
 PSYoungGen      total 501760K, used 464895K [0x00000000d5580000, 0x00000000f6c80000, 0x0000000100000000)
  eden space 464896K, 99% used [0x00000000d5580000,0x00000000f1b7fc88,0x00000000f1b80000)
  from space 36864K, 0% used [0x00000000f4880000,0x00000000f4880000,0x00000000f6c80000)
  to   space 41472K, 0% used [0x00000000f1b80000,0x00000000f1b80000,0x00000000f4400000)
 ParOldGen       total 227840K, used 59164K [0x0000000080000000, 0x000000008de80000, 0x00000000d5580000)
  object space 227840K, 25% used [0x0000000080000000,0x00000000839c7048,0x000000008de80000)
 Metaspace       used 102203K, capacity 106846K, committed 106968K, reserved 1142784K
  class space    used 13348K, capacity 14311K, committed 14336K, reserved 1048576K
Event: 312.690 GC heap after
Heap after GC invocations=17 (full 4):
 PSYoungGen      total 506368K, used 16492K [0x00000000d5580000, 0x00000000fb680000, 0x0000000100000000)
  eden space 464896K, 0% used [0x00000000d5580000,0x00000000d5580000,0x00000000f1b80000)
  from space 41472K, 39% used [0x00000000f1b80000,0x00000000f2b9b0d8,0x00000000f4400000)
  to   space 38912K, 0% used [0x00000000f9080000,0x00000000f9080000,0x00000000fb680000)
 ParOldGen       total 227840K, used 59172K [0x0000000080000000, 0x000000008de80000, 0x00000000d5580000)
  object space 227840K, 25% used [0x0000000080000000,0x00000000839c9048,0x000000008de80000)
 Metaspace       used 102203K, capacity 106846K, committed 106968K, reserved 1142784K
  class space    used 13348K, capacity 14311K, committed 14336K, reserved 1048576K
}
Event: 335.898 GC heap before
{Heap before GC invocations=18 (full 4):
 PSYoungGen      total 506368K, used 481388K [0x00000000d5580000, 0x00000000fb680000, 0x0000000100000000)
  eden space 464896K, 100% used [0x00000000d5580000,0x00000000f1b80000,0x00000000f1b80000)
  from space 41472K, 39% used [0x00000000f1b80000,0x00000000f2b9b0d8,0x00000000f4400000)
  to   space 38912K, 0% used [0x00000000f9080000,0x00000000f9080000,0x00000000fb680000)
 ParOldGen       total 227840K, used 59172K [0x0000000080000000, 0x000000008de80000, 0x00000000d5580000)
  object space 227840K, 25% used [0x0000000080000000,0x00000000839c9048,0x000000008de80000)
 Metaspace       used 111191K, capacity 117190K, committed 117464K, reserved 1150976K
  class space    used 14574K, capacity 15771K, committed 15872K, reserved 1048576K
Event: 335.942 GC heap after
Heap after GC invocations=18 (full 4):
 PSYoungGen      total 568832K, used 35361K [0x00000000d5580000, 0x00000000fb380000, 0x0000000100000000)
  eden space 532992K, 0% used [0x00000000d5580000,0x00000000d5580000,0x00000000f5e00000)
  from space 35840K, 98% used [0x00000000f9080000,0x00000000fb308700,0x00000000fb380000)
  to   space 43520K, 0% used [0x00000000f5e80000,0x00000000f5e80000,0x00000000f8900000)
 ParOldGen       total 227840K, used 59180K [0x0000000080000000, 0x000000008de80000, 0x00000000d5580000)
  object space 227840K, 25% used [0x0000000080000000,0x00000000839cb048,0x000000008de80000)
 Metaspace       used 111191K, capacity 117190K, committed 117464K, reserved 1150976K
  class space    used 14574K, capacity 15771K, committed 15872K, reserved 1048576K
}
Event: 340.234 GC heap before
{Heap before GC invocations=19 (full 4):
 PSYoungGen      total 568832K, used 568353K [0x00000000d5580000, 0x00000000fb380000, 0x0000000100000000)
  eden space 532992K, 100% used [0x00000000d5580000,0x00000000f5e00000,0x00000000f5e00000)
  from space 35840K, 98% used [0x00000000f9080000,0x00000000fb308700,0x00000000fb380000)
  to   space 43520K, 0% used [0x00000000f5e80000,0x00000000f5e80000,0x00000000f8900000)
 ParOldGen       total 227840K, used 59180K [0x0000000080000000, 0x000000008de80000, 0x00000000d5580000)
  object space 227840K, 25% used [0x0000000080000000,0x00000000839cb048,0x000000008de80000)
 Metaspace       used 111406K, capacity 117502K, committed 117720K, reserved 1150976K
  class space    used 14601K, capacity 15783K, committed 15872K, reserved 1048576K
Event: 340.277 GC heap after
Heap after GC invocations=19 (full 4):
 PSYoungGen      total 577024K, used 29957K [0x00000000d5580000, 0x0000000100000000, 0x0000000100000000)
  eden space 533504K, 0% used [0x00000000d5580000,0x00000000d5580000,0x00000000f5e80000)
  from space 43520K, 68% used [0x00000000f5e80000,0x00000000f7bc15a0,0x00000000f8900000)
  to   space 45568K, 0% used [0x00000000fd380000,0x00000000fd380000,0x0000000100000000)
 ParOldGen       total 227840K, used 59188K [0x0000000080000000, 0x000000008de80000, 0x00000000d5580000)
  object space 227840K, 25% used [0x0000000080000000,0x00000000839cd048,0x000000008de80000)
 Metaspace       used 111406K, capacity 117502K, committed 117720K, reserved 1150976K
  class space    used 14601K, capacity 15783K, committed 15872K, reserved 1048576K
}

Deoptimization events (10 events):
Event: 341.377 Thread 0x000000001e8a6800 Uncommon trap: reason=uninitialized action=reinterpret pc=0x0000000005c7ec40 method=com.android.tools.r8.graph.l0.a(Lcom/android/tools/r8/graph/j0;)Lcom/android/tools/r8/graph/l0; @ 139
Event: 341.461 Thread 0x000000001e8a6800 Uncommon trap: reason=array_check action=maybe_recompile pc=0x0000000004d18268 method=java.util.TimSort.reverseRange([Ljava/lang/Object;II)V @ 27
Event: 341.461 Thread 0x000000001e8a6800 Uncommon trap: reason=array_check action=maybe_recompile pc=0x0000000004d18268 method=java.util.TimSort.reverseRange([Ljava/lang/Object;II)V @ 27
Event: 341.461 Thread 0x000000001e8a6800 Uncommon trap: reason=array_check action=maybe_recompile pc=0x000000000317a3a0 method=java.util.TimSort.binarySort([Ljava/lang/Object;IIILjava/util/Comparator;)V @ 183
Event: 341.461 Thread 0x000000001e8a6800 Uncommon trap: reason=array_check action=maybe_recompile pc=0x000000000317a3a0 method=java.util.TimSort.binarySort([Ljava/lang/Object;IIILjava/util/Comparator;)V @ 183
Event: 341.576 Thread 0x000000001e8a6800 Uncommon trap: reason=unstable_if action=reinterpret pc=0x0000000005cb4f60 method=com.android.tools.r8.dex.m.c(I)V @ 8
Event: 341.743 Thread 0x000000001e8a6800 Uncommon trap: reason=unstable_if action=reinterpret pc=0x0000000004e1b544 method=java.nio.Bits.copyFromArray(Ljava/lang/Object;JJJJ)V @ 18
Event: 342.484 Thread 0x000000002086e800 Uncommon trap: reason=unstable_if action=reinterpret pc=0x00000000054c058c method=java.nio.Bits.copyToArray(JLjava/lang/Object;JJJ)V @ 19
Event: 342.718 Thread 0x0000000020a82800 Uncommon trap: reason=unstable_if action=reinterpret pc=0x0000000003b7b6f0 method=java.util.Arrays.hashCode([Ljava/lang/Object;)I @ 1
Event: 342.844 Thread 0x0000000020a84000 Uncommon trap: reason=class_check action=maybe_recompile pc=0x0000000005cdce28 method=com.android.tools.r8.dex.m.c(I)V @ 108

Classes redefined (0 events):
No events

Internal exceptions (10 events):
Event: 334.766 Thread 0x000000002149c800 Exception <a 'sun/nio/fs/WindowsException'> (0x00000000ec927d48) thrown at [C:\src\AOSP-openjdk-git\hotspot\src\share\vm\prims\jni.cpp, line 710]
Event: 334.779 Thread 0x000000002149c800 Implicit null exception at 0x00000000062949c4 to 0x0000000006299e8d
Event: 334.806 Thread 0x000000002149d000 Exception <a 'sun/nio/fs/WindowsException'> (0x00000000eb05e378) thrown at [C:\src\AOSP-openjdk-git\hotspot\src\share\vm\prims\jni.cpp, line 710]
Event: 334.959 Thread 0x000000002149c800 Exception <a 'sun/nio/fs/WindowsException'> (0x00000000eeabb4a0) thrown at [C:\src\AOSP-openjdk-git\hotspot\src\share\vm\prims\jni.cpp, line 710]
Event: 335.021 Thread 0x000000002149d000 Exception <a 'sun/nio/fs/WindowsException'> (0x00000000ef719640) thrown at [C:\src\AOSP-openjdk-git\hotspot\src\share\vm\prims\jni.cpp, line 710]
Event: 341.702 Thread 0x000000001e8a6800 Exception <a 'sun/nio/fs/WindowsException'> (0x00000000de222160) thrown at [C:\src\AOSP-openjdk-git\hotspot\src\share\vm\prims\jni.cpp, line 710]
Event: 341.956 Thread 0x000000001e8a6800 Exception <a 'java/lang/NoSuchMethodError': <clinit>> (0x00000000de2b92b0) thrown at [C:\src\AOSP-openjdk-git\hotspot\src\share\vm\prims\jni.cpp, line 1615]
Event: 342.544 Thread 0x000000001e8a8000 Exception <a 'sun/nio/fs/WindowsException'> (0x00000000de757008) thrown at [C:\src\AOSP-openjdk-git\hotspot\src\share\vm\prims\jni.cpp, line 710]
Event: 342.718 Thread 0x0000000020a82800 Implicit null exception at 0x0000000003b7b5ef to 0x0000000003b7b6e1
Event: 342.873 Thread 0x0000000020a84000 Exception <a 'sun/nio/fs/WindowsException'> (0x00000000dffd3b68) thrown at [C:\src\AOSP-openjdk-git\hotspot\src\share\vm\prims\jni.cpp, line 710]

Events (10 events):
Event: 342.877 Executing VM operation: RevokeBias
Event: 342.878 Executing VM operation: RevokeBias done
Event: 342.878 Executing VM operation: RevokeBias
Event: 342.878 Executing VM operation: RevokeBias done
Event: 342.878 Thread 0x0000000020a84000 Thread exited: 0x0000000020a84000
Event: 342.878 Executing VM operation: RevokeBias
Event: 342.879 Executing VM operation: RevokeBias done
Event: 342.879 Thread 0x0000000020a82800 Thread exited: 0x0000000020a82800
Event: 342.879 Thread 0x0000000020a7f000 Thread exited: 0x0000000020a7f000
Event: 342.879 Thread 0x0000000020a83000 Thread exited: 0x0000000020a83000


Dynamic libraries:
0x00007ff75efc0000 - 0x00007ff75eff1000 	C:\Program Files\Android\Android Studio\jre\bin\java.exe
0x00007ffbd4e90000 - 0x00007ffbd5086000 	C:\WINDOWS\SYSTEM32\ntdll.dll
0x00007ffbd3020000 - 0x00007ffbd30dd000 	C:\WINDOWS\System32\KERNEL32.DLL
0x00007ffbd25d0000 - 0x00007ffbd2899000 	C:\WINDOWS\System32\KERNELBASE.dll
0x00007ffbd3fe0000 - 0x00007ffbd408c000 	C:\WINDOWS\System32\ADVAPI32.dll
0x00007ffbd45a0000 - 0x00007ffbd463e000 	C:\WINDOWS\System32\msvcrt.dll
0x00007ffbd4db0000 - 0x00007ffbd4e4c000 	C:\WINDOWS\System32\sechost.dll
0x00007ffbd4c00000 - 0x00007ffbd4d2b000 	C:\WINDOWS\System32\RPCRT4.dll
0x00007ffbd3e40000 - 0x00007ffbd3fe0000 	C:\WINDOWS\System32\USER32.dll
0x00007ffbd28a0000 - 0x00007ffbd28c2000 	C:\WINDOWS\System32\win32u.dll
0x00007ffbd3bc0000 - 0x00007ffbd3bea000 	C:\WINDOWS\System32\GDI32.dll
0x00007ffbd2c60000 - 0x00007ffbd2d6b000 	C:\WINDOWS\System32\gdi32full.dll
0x00007ffbd28d0000 - 0x00007ffbd296d000 	C:\WINDOWS\System32\msvcp_win.dll
0x00007ffbd2df0000 - 0x00007ffbd2ef0000 	C:\WINDOWS\System32\ucrtbase.dll
0x00007ffbc9c20000 - 0x00007ffbc9ebb000 	C:\WINDOWS\WinSxS\amd64_microsoft.windows.common-controls_6595b64144ccf1df_6.0.19041.746_none_ca02b4b61b8320a4\COMCTL32.dll
0x00007ffbd3e10000 - 0x00007ffbd3e40000 	C:\WINDOWS\System32\IMM32.DLL
0x0000000061b30000 - 0x0000000061c02000 	C:\Program Files\Android\Android Studio\jre\jre\bin\msvcr100.dll
0x0000000061c10000 - 0x000000006245b000 	C:\Program Files\Android\Android Studio\jre\jre\bin\server\jvm.dll
0x00007ffbd4590000 - 0x00007ffbd4598000 	C:\WINDOWS\System32\PSAPI.DLL
0x00007ffbd0dd0000 - 0x00007ffbd0dd9000 	C:\WINDOWS\SYSTEM32\WSOCK32.dll
0x00007ffbc7db0000 - 0x00007ffbc7dd7000 	C:\WINDOWS\SYSTEM32\WINMM.dll
0x00007ffbca0e0000 - 0x00007ffbca0ea000 	C:\WINDOWS\SYSTEM32\VERSION.dll
0x00007ffbd4d30000 - 0x00007ffbd4d9b000 	C:\WINDOWS\System32\WS2_32.dll
0x00007ffbc4ed0000 - 0x00007ffbc4edf000 	C:\Program Files\Android\Android Studio\jre\jre\bin\verify.dll
0x00007ffbc2c60000 - 0x00007ffbc2c89000 	C:\Program Files\Android\Android Studio\jre\jre\bin\java.dll
0x00007ffbc2b50000 - 0x00007ffbc2b66000 	C:\Program Files\Android\Android Studio\jre\jre\bin\zip.dll
0x00007ffbd32c0000 - 0x00007ffbd3a03000 	C:\WINDOWS\System32\SHELL32.dll
0x00007ffbd05e0000 - 0x00007ffbd0d6f000 	C:\WINDOWS\SYSTEM32\windows.storage.dll
0x00007ffbd46a0000 - 0x00007ffbd49f6000 	C:\WINDOWS\System32\combase.dll
0x00007ffbd1fc0000 - 0x00007ffbd1fec000 	C:\WINDOWS\SYSTEM32\Wldp.dll
0x00007ffbd31b0000 - 0x00007ffbd325e000 	C:\WINDOWS\System32\SHCORE.dll
0x00007ffbd3d90000 - 0x00007ffbd3de5000 	C:\WINDOWS\System32\shlwapi.dll
0x00007ffbd2500000 - 0x00007ffbd2526000 	C:\WINDOWS\SYSTEM32\profapi.dll
0x00007ffbc29d0000 - 0x00007ffbc29ea000 	C:\Program Files\Android\Android Studio\jre\jre\bin\net.dll
0x00007ffbd1ce0000 - 0x00007ffbd1d4a000 	C:\WINDOWS\system32\mswsock.dll
0x00007ffbc2d20000 - 0x00007ffbc2d33000 	C:\Program Files\Android\Android Studio\jre\jre\bin\nio.dll
0x00007ffbc16d0000 - 0x00007ffbc16f7000 	C:\Users\Anderson Tan\.gradle\native\f6784746aeab05261644944871eae4fe03e0ef1612fff0a4a95f87b438bc6780\windows-amd64\native-platform.dll
0x00007ffbc2d10000 - 0x00007ffbc2d1d000 	C:\Program Files\Android\Android Studio\jre\jre\bin\management.dll
0x00007ffbd1eb0000 - 0x00007ffbd1ec8000 	C:\WINDOWS\SYSTEM32\CRYPTSP.dll
0x00007ffbd1680000 - 0x00007ffbd16b4000 	C:\WINDOWS\system32\rsaenh.dll
0x00007ffbd2c30000 - 0x00007ffbd2c57000 	C:\WINDOWS\System32\bcrypt.dll
0x00007ffbd24c0000 - 0x00007ffbd24ee000 	C:\WINDOWS\SYSTEM32\USERENV.dll
0x00007ffbd2d70000 - 0x00007ffbd2df0000 	C:\WINDOWS\System32\bcryptprimitives.dll
0x00007ffbd1ed0000 - 0x00007ffbd1edc000 	C:\WINDOWS\SYSTEM32\CRYPTBASE.dll
0x00007ffbd19d0000 - 0x00007ffbd1a0b000 	C:\WINDOWS\SYSTEM32\IPHLPAPI.DLL
0x00007ffbd4da0000 - 0x00007ffbd4da8000 	C:\WINDOWS\System32\NSI.dll
0x00007ffbcda40000 - 0x00007ffbcda57000 	C:\WINDOWS\SYSTEM32\dhcpcsvc6.DLL
0x00007ffbcd9b0000 - 0x00007ffbcd9cd000 	C:\WINDOWS\SYSTEM32\dhcpcsvc.DLL
0x00007ffbd1a10000 - 0x00007ffbd1adb000 	C:\WINDOWS\SYSTEM32\DNSAPI.dll
0x00007ffbcbc10000 - 0x00007ffbcbc1b000 	C:\WINDOWS\SYSTEM32\WINNSI.DLL
0x00007ffbc2420000 - 0x00007ffbc2444000 	C:\Program Files\Android\Android Studio\jre\jre\bin\sunec.dll
0x00007ffbc84c0000 - 0x00007ffbc84ca000 	C:\Windows\System32\rasadhlp.dll
0x00007ffbc9700000 - 0x00007ffbc977f000 	C:\WINDOWS\System32\fwpuclnt.dll
0x00007ffbcba30000 - 0x00007ffbcba3b000 	C:\Program Files\Android\Android Studio\jre\jre\bin\sunmscapi.dll
0x00007ffbd29d0000 - 0x00007ffbd2b26000 	C:\WINDOWS\System32\CRYPT32.dll

VM Arguments:
jvm_args: -Xmx2048m -Dfile.encoding=UTF-8 -Duser.country=US -Duser.language=en -Duser.variant 
java_command: org.gradle.launcher.daemon.bootstrap.GradleDaemon 6.5
java_class_path (initial): C:\Users\Anderson Tan\.gradle\wrapper\dists\gradle-6.5-bin\6nifqtx7604sqp1q6g8wikw7p\gradle-6.5\lib\gradle-launcher-6.5.jar
Launcher Type: SUN_STANDARD

Environment Variables:
PATH=C:\Program Files (x86)\Common Files\Oracle\Java\javapath;C:\Program Files (x86)\NVIDIA Corporation\PhysX\Common;C:\Program Files (x86)\Intel\iCLS Client\;C:\Program Files\Intel\iCLS Client\;C:\WINDOWS\system32;C:\WINDOWS;C:\WINDOWS\System32\Wbem;C:\WINDOWS\System32\WindowsPowerShell\v1.0\;C:\Program Files (x86)\Skype\Phone\;C:\Program Files\dotnet\;C:\Program Files (x86)\Intel\Intel(R) Management Engine Components\DAL;C:\Program Files\Intel\Intel(R) Management Engine Components\DAL;C:\Program Files (x86)\Intel\Intel(R) Management Engine Components\IPT;C:\Program Files\Intel\Intel(R) Management Engine Components\IPT;C:\Users\Anderson Tan\.dnx\bin;C:\Program Files\Microsoft DNX\Dnvm\;C:\Program Files\Microsoft SQL Server\130\Tools\Binn\;C:\Program Files (x86)\Windows Kits\8.1\Windows Performance Toolkit\;C:\WINDOWS\System32\OpenSSH\;C:\Program Files\MATLAB\R2018b\bin;C:\Program Files\Git\cmd;C:\Users\Anderson Tan\AppData\Local\Microsoft\WindowsApps;C:\MinGW\bin;C:\altera_lite\16.0\modelsim_ase\win32aloem
USERNAME=Anderson Tan
OS=Windows_NT
PROCESSOR_IDENTIFIER=Intel64 Family 6 Model 78 Stepping 3, GenuineIntel



---------------  S Y S T E M  ---------------

OS: Windows 10.0 , 64 bit Build 19041 (10.0.19041.662)

CPU:total 4 (initial active 4) (2 cores per cpu, 2 threads per core) family 6 model 78 stepping 3, cmov, cx8, fxsr, mmx, sse, sse2, sse3, ssse3, sse4.1, sse4.2, popcnt, avx, avx2, aes, clmul, erms, 3dnowpref, lzcnt, ht, tsc, tscinvbit, bmi1, bmi2, adx

Memory: 4k page, physical 12470176k(1970240k free), swap 14946208k(7460k free)

vm_info: OpenJDK 64-Bit Server VM (25.242-b01) for windows-amd64 JRE (1.8.0_242-release-1644-b01), built by "builder" with MS VC++ 10.0 (VS2010)

time: Thu Feb 04 22:14:03 2021
timezone: Eastern Standard Time
elapsed time: 344 seconds (0d 0h 5m 44s)

